Arguments: 
  /home/luoschenfeng/.nvm/versions/node/v14.8.0/bin/node /usr/share/yarn/bin/yarn.js

PATH: 
  /home/luoschenfeng/.nvm/versions/node/v14.8.0/bin:/home/luoschenfeng/.local/bin:/usr/local/sbin:/usr/local/bin:/usr/sbin:/usr/bin:/sbin:/bin:/usr/games:/usr/local/games:/mnt/c/Program Files/WindowsApps/CanonicalGroupLimited.Ubuntu18.04onWindows_1804.2020.824.0_x64__79rhkp1fndgsc:/mnt/c/Windows/system32:/mnt/c/Windows:/mnt/c/Windows/System32/Wbem:/mnt/c/Windows/System32/WindowsPowerShell/v1.0/:/mnt/c/Windows/System32/OpenSSH/:/mnt/d/program/Git/cmd:/mnt/d/program/TortoiseSVN/bin:/mnt/d/program/sass/bin:/mnt/c/Users/woyao/AppData/Local/Microsoft/WindowsApps:/mnt/d/program/Microsoft VS Code/bin:/snap/bin

Yarn version: 
  1.22.4

Node version: 
  14.8.0

Platform: 
  linux x64

Trace: 
  Error: Client network socket disconnected before secure TLS connection was established
      at connResetException (internal/errors.js:612:14)
      at TLSSocket.onConnectEnd (_tls_wrap.js:1544:19)
      at TLSSocket.emit (events.js:326:22)
      at endReadableNT (_stream_readable.js:1244:12)
      at processTicksAndRejections (internal/process/task_queues.js:80:21)

npm manifest: 
  {
    "name": "ukelink",
    "version": "0.1.0",
    "private": true,
    "scripts": {
      "serve": "vue-cli-service serve",
      "build": "vue-cli-service build",
      "test:unit": "vue-cli-service test:unit",
      "et": "et -i",
      "theme": "node theme.config.js",
      "svgo": "svgo -f src/icons/svg --config=src/icons/svgo.yml",
      "lint": "vue-cli-service lint"
    },
    "dependencies": {
      "axios": "^0.21.1",
      "core-js": "^3.6.4",
      "echarts": "4.9.0",
      "element-ui": "^2.15.0",
      "js-cookie": "^2.2.1",
      "lodash": "^4.17.20",
      "normalize.css": "^8.0.1",
      "nprogress": "^0.2.0",
      "vue": "^2.6.12",
      "vue-i18n": "^8.22.4",
      "vue-router": "^3.4.9",
      "vuex": "^3.6.0"
    },
    "devDependencies": {
      "@types/lodash": "^4.14.168",
      "@vue/cli-plugin-babel": "~4.5.10",
      "@vue/cli-plugin-eslint": "~4.5.10",
      "@vue/cli-plugin-router": "~4.5.10",
      "@vue/cli-plugin-unit-jest": "~4.5.10",
      "@vue/cli-plugin-vuex": "~4.5.10",
      "@vue/cli-service": "~4.5.10",
      "@vue/test-utils": "1.1.2",
      "babel-eslint": "^10.1.0",
      "babel-plugin-component": "^1.1.1",
      "chalk": "^4.1.0",
      "custom-element-theme-chalk": "^1.0.0",
      "custom-element-themex": "^1.0.0",
      "eslint": "^7.18.0",
      "eslint-plugin-import": "^2.22.1",
      "eslint-plugin-vue": "^7.4.1",
      "fs-extra": "^9.1.0",
      "sass": "^1.32.5",
      "sass-loader": "^10.1.1",
      "sass-resources-loader": "^2.1.1",
      "stylelint": "^13.9.0",
      "stylelint-config-standard": "^20.0.0",
      "svg-sprite-loader": "^5.2.1",
      "vue-eslint-parser": "^7.3.0",
      "vue-template-compiler": "^2.6.12"
    }
  }

yarn manifest: 
  No manifest

Lockfile: 
  No lockfile
